<?xml version="1.0" encoding="UTF-8"?>
<!-- Generated by org.testng.reporters.JUnitReportReporter -->
<testsuite hostname="DESKTOP-06BCFN5" failures="0" tests="1" name="com.logInTest.LogInTest" time="2.986" errors="0" timestamp="2022-02-06T03:05:42 EST" skipped="0">
  <testcase classname="com.logInTest.LogInTest" name="logInTest" time="2.986"/>
  <system-out/>
</testsuite> <!-- com.logInTest.LogInTest -->
